Running: C:\Xilinx\14.7\ISE_DS\ISE\bin\nt64\unwrapped\fuse.exe -intstyle ise -incremental -lib unisims_ver -lib unimacro_ver -lib xilinxcorelib_ver -o C:/Users/Asus/Desktop/Logical Circuits/LogicCircuitProject/fightingGameTestBench_isim_beh.exe -prj C:/Users/Asus/Desktop/Logical Circuits/LogicCircuitProject/fightingGameTestBench_beh.prj work.fightingGameTestBench work.glbl 
ISim P.20131013 (signature 0x7708f090)
Number of CPUs detected in this system: 8
Turning on mult-threading, number of parallel sub-compilation jobs: 16 
Determining compilation order of HDL files
Analyzing Verilog file "C:/Users/Asus/Desktop/Logical Circuits/LogicCircuitProject/showLives.v" into library work
Analyzing Verilog file "C:/Users/Asus/Desktop/Logical Circuits/LogicCircuitProject/player2.v" into library work
Analyzing Verilog file "C:/Users/Asus/Desktop/Logical Circuits/LogicCircuitProject/player1.v" into library work
Analyzing Verilog file "C:/Users/Asus/Desktop/Logical Circuits/LogicCircuitProject/Decoder.v" into library work
Analyzing Verilog file "C:/Users/Asus/Desktop/Logical Circuits/LogicCircuitProject/clockDivider.v" into library work
Analyzing Verilog file "C:/Users/Asus/Desktop/Logical Circuits/LogicCircuitProject/fightingGame.v" into library work
Analyzing Verilog file "C:/Users/Asus/Desktop/Logical Circuits/LogicCircuitProject/fightingGameTestBench.v" into library work
Analyzing Verilog file "C:/Xilinx/14.7/ISE_DS/ISE//verilog/src/glbl.v" into library work
Starting static elaboration
Completed static elaboration
Compiling module clockDivider
Compiling module player1
Compiling module player2
Compiling module showLives
Compiling module Decoder
Compiling module fightingGame
Compiling module fightingGameTestBench
Compiling module glbl
Time Resolution for simulation is 1ps.
Compiled 8 Verilog Units
Built simulation executable C:/Users/Asus/Desktop/Logical Circuits/LogicCircuitProject/fightingGameTestBench_isim_beh.exe
Fuse Memory Usage: 30232 KB
Fuse CPU Usage: 437 ms
