
****** PlanAhead v14.7 (64-bit)
  **** Build 321239 by xbuild on Fri Sep 27 19:29:51 MDT 2013
    ** Copyright 1986-1999, 2001-2013 Xilinx, Inc. All Rights Reserved.

INFO: [Common 17-78] Attempting to get a license: PlanAhead
INFO: [Common 17-290] Got license for PlanAhead
INFO: [Device 21-36] Loading parts and site information from C:/Xilinx/14.7/ISE_DS/PlanAhead/data/parts/arch.xml
Parsing RTL primitives file [C:/Xilinx/14.7/ISE_DS/PlanAhead/data/parts/xilinx/rtl/prims/rtl_prims.xml]
Finished parsing RTL primitives file [C:/Xilinx/14.7/ISE_DS/PlanAhead/data/parts/xilinx/rtl/prims/rtl_prims.xml]
start_gui
source {C:/Users/Asus/Desktop/Logical Circuits/LogicCircuitProject/pa.fromNetlist.tcl}
# create_project -name LogicCircuitProject -dir "C:/Users/Asus/Desktop/Logical Circuits/LogicCircuitProject/planAhead_run_1" -part xc3s400pq208-5
# set_property design_mode GateLvl [get_property srcset [current_run -impl]]
# set_property edif_top_file "C:/Users/Asus/Desktop/Logical Circuits/LogicCircuitProject/fightingGame.ngc" [ get_property srcset [ current_run ] ]
# add_files -norecurse { {C:/Users/Asus/Desktop/Logical Circuits/LogicCircuitProject} }
# set_param project.pinAheadLayout  yes
# set_property target_constrs_file "fightingGame.ucf" [current_fileset -constrset]
Adding file 'C:/Users/Asus/Desktop/Logical Circuits/LogicCircuitProject/fightingGame.ucf' to fileset 'constrs_1'
# add_files [list {fightingGame.ucf}] -fileset [get_property constrset [current_run]]
# link_design
Design is defaulting to srcset: sources_1
Design is defaulting to constrset: constrs_1
Design is defaulting to project part: xc3s400pq208-5
Release 14.7 - ngc2edif P.20131013 (nt64)
Copyright (c) 1995-2013 Xilinx, Inc.  All rights reserved.
Reading design fightingGame.ngc ...
WARNING:NetListWriters:298 - No output is written to fightingGame.xncf, ignored.
Processing design ...
   Preping design's networks ...
   Preping design's macros ...
WARNING:NetListWriters:306 - Signal bus sl/SEG_DATA<6 : 0> on block fightingGame
   is not reconstructed, because there are some missing bus signals.
  finished :Prep
Writing EDIF netlist file fightingGame.edif ...
ngc2edif: Total memory usage is 4314536 kilobytes

Parsing EDIF File [./planAhead_run_1/LogicCircuitProject.data/cache/fightingGame_ngc_zx.edif]
Finished Parsing EDIF File [./planAhead_run_1/LogicCircuitProject.data/cache/fightingGame_ngc_zx.edif]
INFO: [Designutils 20-910] Reading macro library C:/Xilinx/14.7/ISE_DS/PlanAhead/data\./parts/xilinx/spartan3/hd_int_macros.edn
Parsing EDIF File [C:/Xilinx/14.7/ISE_DS/PlanAhead/data\./parts/xilinx/spartan3/hd_int_macros.edn]
Finished Parsing EDIF File [C:/Xilinx/14.7/ISE_DS/PlanAhead/data\./parts/xilinx/spartan3/hd_int_macros.edn]
Loading clock regions from C:/Xilinx/14.7/ISE_DS/PlanAhead/data\parts/xilinx/spartan3/spartan3/xc3s400/ClockRegion.xml
Loading clock buffers from C:/Xilinx/14.7/ISE_DS/PlanAhead/data\parts/xilinx/spartan3/spartan3/xc3s400/ClockBuffers.xml
Loading package from C:/Xilinx/14.7/ISE_DS/PlanAhead/data\parts/xilinx/spartan3/spartan3/xc3s400/pq208/Package.xml
Loading io standards from C:/Xilinx/14.7/ISE_DS/PlanAhead/data\./parts/xilinx/spartan3/IOStandards.xml
INFO: [Device 21-19] Loading pkg sso from C:/Xilinx/14.7/ISE_DS/PlanAhead/data\parts/xilinx/spartan3/spartan3/xc3s400/pq208/SSORules.xml
Loading list of drcs for the architecture : C:/Xilinx/14.7/ISE_DS/PlanAhead/data\./parts/xilinx/spartan3/drc.xml
INFO: [Timing 38-77] Reading timing library C:/Xilinx/14.7/ISE_DS/PlanAhead/data\parts/xilinx/spartan3/spartan3/spartan3-5.lib.
INFO: [Timing 38-34] Done reading timing library C:/Xilinx/14.7/ISE_DS/PlanAhead/data\parts/xilinx/spartan3/spartan3/spartan3-5.lib.
Parsing UCF File [C:/Users/Asus/Desktop/Logical Circuits/LogicCircuitProject/fightingGame.ucf]
Finished Parsing UCF File [C:/Users/Asus/Desktop/Logical Circuits/LogicCircuitProject/fightingGame.ucf]
INFO: [Project 1-111] Unisim Transformation Summary:
No Unisim elements were transformed.

Phase 0 | Netlist Checksum: a690797f
startgroup
set_property package_pin P172 [get_ports {action1[2]}]
endgroup
startgroup
set_property package_pin P175 [get_ports {action1[1]}]
endgroup
startgroup
set_property package_pin P176 [get_ports {action1[0]}]
endgroup
startgroup
set_property package_pin P161 [get_ports {action2[2]}]
endgroup
startgroup
set_property package_pin P162 [get_ports {action2[1]}]
endgroup
startgroup
set_property package_pin P165 [get_ports {action2[0]}]
endgroup
startgroup
set_property package_pin P51 [get_ports {place1[2]}]
endgroup
startgroup
set_property package_pin P50 [get_ports {place1[1]}]
endgroup
startgroup
set_property package_pin P48 [get_ports {place1[0]}]
endgroup
startgroup
set_property package_pin P61 [get_ports {place2[2]}]
endgroup
startgroup
set_property package_pin P62 [get_ports {place2[1]}]
endgroup
startgroup
set_property package_pin P63 [get_ports {place2[0]}]
endgroup
startgroup
set_property package_pin P3 [get_ports {SEG_DATA[7]}]
endgroup
startgroup
set_property package_pin P9 [get_ports {SEG_DATA[6]}]
endgroup
startgroup
set_property package_pin P12 [get_ports {SEG_DATA[5]}]
endgroup
startgroup
set_property package_pin P4 [get_ports {SEG_DATA[4]}]
endgroup
startgroup
set_property package_pin P5 [get_ports {SEG_DATA[3]}]
endgroup
startgroup
set_property package_pin P11 [get_ports {SEG_DATA[2]}]
endgroup
startgroup
set_property package_pin P7 [get_ports {SEG_DATA[1]}]
endgroup
startgroup
set_property package_pin P10 [get_ports {SEG_DATA[0]}]
endgroup
startgroup
set_property package_pin P16 [get_ports {SEG_SEL[4]}]
endgroup
startgroup
set_property package_pin P18 [get_ports {SEG_SEL[3]}]
endgroup
startgroup
set_property package_pin P19 [get_ports {SEG_SEL[2]}]
endgroup
startgroup
set_property package_pin P20 [get_ports {SEG_SEL[1]}]
endgroup
save_constraints
startgroup
set_property package_pin P15 [get_ports {SEG_SEL[0]}]
endgroup
startgroup
set_property package_pin P184 [get_ports clk]
endgroup
startgroup
set_property package_pin P183 [get_ports control]
endgroup
save_constraints
startgroup
set_property package_pin P182 [get_ports reset]
endgroup
set_property is_loc_fixed false [get_ports [list  reset]]
set_property is_loc_fixed true [get_ports [list  reset]]
save_constraints
